<?xml version="1.0" encoding="UTF-8"?>
<!-- Generated by org.testng.reporters.JUnitReportReporter -->
<testsuite hostname="DESKTOP-MEQQDCQ" failures="0" tests="1" name="com.demo.scripts.TestClass" time="16.844" errors="0" timestamp="2022-05-10T21:04:41 GST" skipped="0">
  <testcase classname="com.demo.scripts.TestClass" name="verifyValidLogin" time="16.844"/>
  <system-out/>
</testsuite> <!-- com.demo.scripts.TestClass -->
